<?xml version="1.0" encoding="UTF-8"?>
<!-- Generated by org.testng.reporters.JUnitReportReporter -->
<testsuite skipped="0" hostname="Fahims-MBP-5" name="mct.cucumber.testNg.runner.RunCucumberTest" tests="1" failures="0" timestamp="16 Dec 2019 20:23:57 GMT" time="98.637" errors="0">
  <testcase name="runScenario" time="98.637" classname="mct.cucumber.testNg.runner.RunCucumberTest"/>
</testsuite> <!-- mct.cucumber.testNg.runner.RunCucumberTest -->
