<?xml version="1.0" encoding="UTF-8"?>
<!-- Generated by org.testng.reporters.JUnitReportReporter -->
<testsuite skipped="0" hostname="Fahims-MBP-5" name="mct.util.LinkTest" tests="1" failures="0" timestamp="16 Dec 2019 17:55:38 GMT" time="0.867" errors="0">
  <testcase name="linkWorks" time="0.867" classname="mct.util.LinkTest"/>
</testsuite> <!-- mct.util.LinkTest -->
